0 info it worked if it ends with ok
1 verbose cli [ '/usr/local/bin/node', '/usr/local/bin/npm', 'run', 'prod' ]
2 info using npm@6.4.0
3 info using node@v9.11.2
4 verbose run-script [ 'preprod', 'prod', 'postprod' ]
5 info lifecycle @~preprod: @
6 info lifecycle @~prod: @
7 verbose lifecycle @~prod: unsafe-perm in lifecycle true
8 verbose lifecycle @~prod: PATH: /usr/local/lib/node_modules/npm/node_modules/npm-lifecycle/node-gyp-bin:/home/node/api/node_modules/.bin:/usr/local/sbin:/usr/local/bin:/usr/sbin:/usr/bin:/sbin:/bin
9 verbose lifecycle @~prod: CWD: /home/node/api
10 silly lifecycle @~prod: Args: [ '-c', 'npm run production' ]
11 silly lifecycle @~prod: Returned: code: 1  signal: null
12 info lifecycle @~prod: Failed to exec prod script
13 verbose stack Error: @ prod: `npm run production`
13 verbose stack Exit status 1
13 verbose stack     at EventEmitter.<anonymous> (/usr/local/lib/node_modules/npm/node_modules/npm-lifecycle/index.js:304:16)
13 verbose stack     at EventEmitter.emit (events.js:180:13)
13 verbose stack     at ChildProcess.<anonymous> (/usr/local/lib/node_modules/npm/node_modules/npm-lifecycle/lib/spawn.js:55:14)
13 verbose stack     at ChildProcess.emit (events.js:180:13)
13 verbose stack     at maybeClose (internal/child_process.js:936:16)
13 verbose stack     at Process.ChildProcess._handle.onexit (internal/child_process.js:220:5)
14 verbose pkgid @
15 verbose cwd /home/node/api
16 verbose Linux 4.15.0-32-generic
17 verbose argv "/usr/local/bin/node" "/usr/local/bin/npm" "run" "prod"
18 verbose node v9.11.2
19 verbose npm  v6.4.0
20 error code ELIFECYCLE
21 error errno 1
22 error @ prod: `npm run production`
22 error Exit status 1
23 error Failed at the @ prod script.
23 error This is probably not a problem with npm. There is likely additional logging output above.
24 verbose exit [ 1, true ]
